0 info it worked if it ends with ok
1 verbose cli [ '/usr/bin/node', '/usr/bin/npm', 'start' ]
2 info using npm@3.5.2
3 info using node@v8.10.0
4 verbose run-script [ 'prestart', 'start', 'poststart' ]
5 info lifecycle mientrega@1.0.0~prestart: mientrega@1.0.0
6 silly lifecycle mientrega@1.0.0~prestart: no script for prestart, continuing
7 info lifecycle mientrega@1.0.0~start: mientrega@1.0.0
8 verbose lifecycle mientrega@1.0.0~start: unsafe-perm in lifecycle true
9 verbose lifecycle mientrega@1.0.0~start: PATH: /usr/share/npm/bin/node-gyp-bin:/home/enrique/Documentos/entregas_uoc/js/entrega/repositorios/colyseusEntrega/node_modules/.bin:/usr/local/sbin:/usr/local/bin:/usr/sbin:/usr/bin:/sbin:/bin:/usr/games:/usr/local/games:/snap/bin:/home/enrique/Android/Sdk/tools:/home/enrique/Android/Sdk/platform-tools
10 verbose lifecycle mientrega@1.0.0~start: CWD: /home/enrique/Documentos/entregas_uoc/js/entrega/repositorios/colyseusEntrega
11 silly lifecycle mientrega@1.0.0~start: Args: [ '-c', 'node server.js' ]
12 silly lifecycle mientrega@1.0.0~start: Returned: code: 1  signal: null
13 info lifecycle mientrega@1.0.0~start: Failed to exec start script
14 verbose stack Error: mientrega@1.0.0 start: `node server.js`
14 verbose stack Exit status 1
14 verbose stack     at EventEmitter.<anonymous> (/usr/share/npm/lib/utils/lifecycle.js:232:16)
14 verbose stack     at emitTwo (events.js:126:13)
14 verbose stack     at EventEmitter.emit (events.js:214:7)
14 verbose stack     at ChildProcess.<anonymous> (/usr/share/npm/lib/utils/spawn.js:24:14)
14 verbose stack     at emitTwo (events.js:126:13)
14 verbose stack     at ChildProcess.emit (events.js:214:7)
14 verbose stack     at maybeClose (internal/child_process.js:925:16)
14 verbose stack     at Process.ChildProcess._handle.onexit (internal/child_process.js:209:5)
15 verbose pkgid mientrega@1.0.0
16 verbose cwd /home/enrique/Documentos/entregas_uoc/js/entrega/repositorios/colyseusEntrega
17 error Linux 5.0.0-29-generic
18 error argv "/usr/bin/node" "/usr/bin/npm" "start"
19 error node v8.10.0
20 error npm  v3.5.2
21 error code ELIFECYCLE
22 error mientrega@1.0.0 start: `node server.js`
22 error Exit status 1
23 error Failed at the mientrega@1.0.0 start script 'node server.js'.
23 error Make sure you have the latest version of node.js and npm installed.
23 error If you do, this is most likely a problem with the mientrega package,
23 error not with npm itself.
23 error Tell the author that this fails on your system:
23 error     node server.js
23 error You can get information on how to open an issue for this project with:
23 error     npm bugs mientrega
23 error Or if that isn't available, you can get their info via:
23 error     npm owner ls mientrega
23 error There is likely additional logging output above.
24 verbose exit [ 1, true ]
